2023-08-09 14:13:44.248  INFO 46640 --- [main] com.course.Application                   : Starting Application on LAPTOP-TJE6FKJ2 with PID 46640 (E:\muke\workspace\AutoTest\chapter11\target\classes started by fiona in E:\muke\workspace\AutoTest)
2023-08-09 14:13:44.252  INFO 46640 --- [main] com.course.Application                   : No active profile set, falling back to default profiles: default
2023-08-09 14:13:45.672  WARN 46640 --- [main] o.m.s.mapper.ClassPathMapperScanner      : No MyBatis mapper was found in '[com.course]' package. Please check your configuration.
2023-08-09 14:13:45.940  INFO 46640 --- [main] trationDelegate$BeanPostProcessorChecker : Bean 'org.springframework.transaction.annotation.ProxyTransactionManagementConfiguration' of type [org.springframework.transaction.annotation.ProxyTransactionManagementConfiguration] is not eligible for getting processed by all BeanPostProcessors (for example: not eligible for auto-proxying)
2023-08-09 14:13:47.059  INFO 46640 --- [main] o.s.b.w.embedded.tomcat.TomcatWebServer  : Tomcat initialized with port(s): 9999 (http)
2023-08-09 14:13:47.073  INFO 46640 --- [main] o.apache.catalina.core.StandardService   : Starting service [Tomcat]
2023-08-09 14:13:47.074  INFO 46640 --- [main] org.apache.catalina.core.StandardEngine  : Starting Servlet engine: [Apache Tomcat/9.0.27]
2023-08-09 14:13:47.325  INFO 46640 --- [main] o.a.c.c.C.[Tomcat].[localhost].[/]       : Initializing Spring embedded WebApplicationContext
2023-08-09 14:13:47.325  INFO 46640 --- [main] o.s.web.context.ContextLoader            : Root WebApplicationContext: initialization completed in 2995 ms
2023-08-09 14:13:48.411  INFO 46640 --- [main] o.s.s.concurrent.ThreadPoolTaskExecutor  : Initializing ExecutorService 'applicationTaskExecutor'
2023-08-09 14:13:48.572  INFO 46640 --- [main] o.s.s.c.ThreadPoolTaskScheduler          : Initializing ExecutorService 'taskScheduler'
2023-08-09 14:13:49.075  INFO 46640 --- [main] o.s.b.w.embedded.tomcat.TomcatWebServer  : Tomcat started on port(s): 9999 (http) with context path ''
2023-08-09 14:13:49.078  INFO 46640 --- [main] com.course.Application                   : Started Application in 5.502 seconds (JVM running for 6.298)
2023-08-09 14:14:02.663  INFO 46640 --- [http-nio-9999-exec-1] o.a.c.c.C.[Tomcat].[localhost].[/]       : Initializing Spring DispatcherServlet 'dispatcherServlet'
2023-08-09 14:14:02.663  INFO 46640 --- [http-nio-9999-exec-1] o.s.web.servlet.DispatcherServlet        : Initializing Servlet 'dispatcherServlet'
2023-08-09 14:14:02.675  INFO 46640 --- [http-nio-9999-exec-1] o.s.web.servlet.DispatcherServlet        : Completed initialization in 12 ms
2023-08-09 14:14:02.748  INFO 46640 --- [http-nio-9999-exec-1] com.zaxxer.hikari.HikariDataSource       : HikariPool-1 - Starting...
2023-08-09 14:14:02.759  WARN 46640 --- [http-nio-9999-exec-1] com.zaxxer.hikari.util.DriverDataSource  : Registered driver with driverClassName=com.mysql.jdbc.Driver was not found, trying direct instantiation.
2023-08-09 14:14:04.293  INFO 46640 --- [http-nio-9999-exec-1] com.zaxxer.hikari.HikariDataSource       : HikariPool-1 - Start completed.
2023-08-09 14:14:45.672  WARN 46640 --- [http-nio-9999-exec-3] .w.s.m.s.DefaultHandlerExceptionResolver : Resolved [org.springframework.web.HttpMediaTypeNotSupportedException: Content type 'text/html;charset=GBK' not supported]
